[2024-05-16 20:13:56] [ INFO ] [OdontologoDaoH2:39] Se ha registrado el Odontologo: Odontologo{id=5, matricula='123456', nombre='Juan', apellido='Perez'}
[2024-05-16 20:13:56] [ INFO ] [OdontologoDaoH2:39] Se ha registrado el Odontologo: Odontologo{id=6, matricula='789101', nombre='Ana', apellido='Garcia'}
[2024-05-16 20:22:33] [ INFO ] [OdontologoDaoH2:39] Se ha registrado el Odontologo: Odontologo{id=5, matricula='12345', nombre='Nombre1', apellido='Apellido1'}
[2024-05-16 20:22:33] [ INFO ] [OdontologoDaoH2:95] Listado de domicilios obtenido: [Odontologo{id=1, matricula='12345', nombre='Fulanito', apellido='Cosme'}, Odontologo{id=2, matricula='67890', nombre='Nemo', apellido='Payaso'}, Odontologo{id=3, matricula='56473', nombre='Elmer', apellido='Grunnion'}, Odontologo{id=4, matricula='69960', nombre='Nombre4', apellido='Apellido4'}, Odontologo{id=5, matricula='12345', nombre='Nombre1', apellido='Apellido1'}]
[2024-05-16 20:28:11] [ INFO ] [OdontologoDaoH2:39] Se ha registrado el Odontologo: Odontologo{id=5, matricula='12345', nombre='Nombre1', apellido='Apellido1'}
[2024-05-16 20:28:11] [ INFO ] [OdontologoDaoH2:95] Listado de domicilios obtenido: [Odontologo{id=1, matricula='12345', nombre='Fulanito', apellido='Cosme'}, Odontologo{id=2, matricula='67890', nombre='Nemo', apellido='Payaso'}, Odontologo{id=3, matricula='56473', nombre='Elmer', apellido='Grunnion'}, Odontologo{id=4, matricula='69960', nombre='Nombre4', apellido='Apellido4'}, Odontologo{id=5, matricula='12345', nombre='Nombre1', apellido='Apellido1'}]
[2024-05-16 20:42:31] [ INFO ] [OdontologoDaoH2:39] Se ha registrado el Odontologo: Odontologo{id=6, matricula='12345', nombre='Nombre1', apellido='Apellido1'}
[2024-05-16 20:42:31] [ INFO ] [OdontologoDaoH2:95] Listado de Odontologos obtenido: [Odontologo{id=1, matricula='12345', nombre='Fulanito', apellido='Cosme'}, Odontologo{id=2, matricula='67890', nombre='Nemo', apellido='Payaso'}, Odontologo{id=3, matricula='56473', nombre='Elmer', apellido='Grunnion'}, Odontologo{id=4, matricula='69960', nombre='Nombre4', apellido='Apellido4'}, Odontologo{id=5, matricula='12345', nombre='Nombre1', apellido='Apellido1'}, Odontologo{id=6, matricula='12345', nombre='Nombre1', apellido='Apellido1'}]
[2024-05-16 20:42:31] [ INFO ] [OdontologoDAOEnMemoria:18] Odontólogo guardado en memoria: Odontologo{id=1, matricula='67890', nombre='Nombre2', apellido='Apellido2'}
[2024-05-16 20:42:31] [ INFO ] [OdontologoDAOEnMemoria:24] Lista de odontólogos en memoria: [Odontologo{id=1, matricula='67890', nombre='Nombre2', apellido='Apellido2'}]
[2024-05-16 20:48:35] [ INFO ] [OdontologoDaoH2:39] Se ha registrado el Odontologo: Odontologo{id=7, matricula='12345', nombre='Nombre1', apellido='Apellido1'}
[2024-05-16 20:48:35] [ INFO ] [OdontologoDAOEnMemoria:19] Odontólogo guardado en memoria: Odontologo{id=1, matricula='67890', nombre='Nombre2', apellido='Apellido2'}
[2024-05-16 20:48:36] [ INFO ] [OdontologoDaoH2:95] Listado de Odontologos obtenido: [Odontologo{id=1, matricula='12345', nombre='Fulanito', apellido='Cosme'}, Odontologo{id=2, matricula='67890', nombre='Nemo', apellido='Payaso'}, Odontologo{id=3, matricula='56473', nombre='Elmer', apellido='Grunnion'}, Odontologo{id=4, matricula='69960', nombre='Nombre4', apellido='Apellido4'}, Odontologo{id=5, matricula='12345', nombre='Nombre1', apellido='Apellido1'}, Odontologo{id=6, matricula='12345', nombre='Nombre1', apellido='Apellido1'}, Odontologo{id=7, matricula='12345', nombre='Nombre1', apellido='Apellido1'}]
[2024-05-16 20:48:36] [ INFO ] [OdontologoDAOEnMemoria:19] Odontólogo guardado en memoria: Odontologo{id=1, matricula='67890', nombre='Nombre2', apellido='Apellido2'}
[2024-05-16 20:48:36] [ INFO ] [OdontologoDAOEnMemoria:25] Lista de odontólogos en memoria: [Odontologo{id=1, matricula='67890', nombre='Nombre2', apellido='Apellido2'}]
[2024-05-16 20:50:09] [ INFO ] [OdontologoDaoH2:39] Se ha registrado el Odontologo: Odontologo{id=8, matricula='12345', nombre='Nombre1', apellido='Apellido1'}
[2024-05-16 20:50:09] [ INFO ] [OdontologoDaoH2:95] Listado de Odontologos obtenido: [Odontologo{id=1, matricula='12345', nombre='Fulanito', apellido='Cosme'}, Odontologo{id=2, matricula='67890', nombre='Nemo', apellido='Payaso'}, Odontologo{id=3, matricula='56473', nombre='Elmer', apellido='Grunnion'}, Odontologo{id=4, matricula='69960', nombre='Nombre4', apellido='Apellido4'}, Odontologo{id=5, matricula='12345', nombre='Nombre1', apellido='Apellido1'}, Odontologo{id=6, matricula='12345', nombre='Nombre1', apellido='Apellido1'}, Odontologo{id=7, matricula='12345', nombre='Nombre1', apellido='Apellido1'}, Odontologo{id=8, matricula='12345', nombre='Nombre1', apellido='Apellido1'}]
[2024-05-16 20:50:09] [ INFO ] [OdontologoDAOEnMemoria:19] Odontólogo guardado en memoria: Odontologo{id=1, matricula='67890', nombre='Nombre2', apellido='Apellido2'}
[2024-05-16 20:50:09] [ INFO ] [OdontologoDAOEnMemoria:25] Lista de odontólogos en memoria: [Odontologo{id=1, matricula='67890', nombre='Nombre2', apellido='Apellido2'}]
[2024-05-16 20:55:48] [ INFO ] [OdontologoDaoH2:39] Se ha registrado el Odontologo: Odontologo{id=9, matricula='12345', nombre='Nombre1', apellido='Apellido1'}
[2024-05-16 20:55:48] [ INFO ] [OdontologoDAOEnMemoria:27] Odontólogo guardado en memoria: Odontologo{id=5, matricula='67890', nombre='Nombre2', apellido='Apellido2'}
[2024-05-16 20:55:48] [ INFO ] [OdontologoDaoH2:95] Listado de Odontologos obtenido: [Odontologo{id=1, matricula='12345', nombre='Fulanito', apellido='Cosme'}, Odontologo{id=2, matricula='67890', nombre='Nemo', apellido='Payaso'}, Odontologo{id=3, matricula='56473', nombre='Elmer', apellido='Grunnion'}, Odontologo{id=4, matricula='69960', nombre='Nombre4', apellido='Apellido4'}, Odontologo{id=5, matricula='12345', nombre='Nombre1', apellido='Apellido1'}, Odontologo{id=6, matricula='12345', nombre='Nombre1', apellido='Apellido1'}, Odontologo{id=7, matricula='12345', nombre='Nombre1', apellido='Apellido1'}, Odontologo{id=8, matricula='12345', nombre='Nombre1', apellido='Apellido1'}, Odontologo{id=9, matricula='12345', nombre='Nombre1', apellido='Apellido1'}]
[2024-05-16 20:55:48] [ INFO ] [OdontologoDAOEnMemoria:27] Odontólogo guardado en memoria: Odontologo{id=5, matricula='67890', nombre='Nombre2', apellido='Apellido2'}
[2024-05-16 20:55:48] [ INFO ] [OdontologoDAOEnMemoria:33] Lista de odontólogos en memoria: [Odontologo{id=1, matricula='12345', nombre='Fulanito', apellido='Cosme'}, Odontologo{id=2, matricula='67890', nombre='Nemo', apellido='Payaso'}, Odontologo{id=3, matricula='56473', nombre='Elmer', apellido='Grunnion'}, Odontologo{id=4, matricula='69960', nombre='Nombre4', apellido='Apellido4'}, Odontologo{id=5, matricula='67890', nombre='Nombre2', apellido='Apellido2'}]
